<?xml version="1.0" encoding="UTF-8"?>
<testng-results skipped="0" failed="0" total="1" passed="1">
  <reporter-output>
  </reporter-output>
  <suite name="Default suite" duration-ms="4157" started-at="2018-04-27T04:39:44Z" finished-at="2018-04-27T04:39:48Z">
    <groups>
    </groups>
    <test name="Default test" duration-ms="4157" started-at="2018-04-27T04:39:44Z" finished-at="2018-04-27T04:39:48Z">
      <class name="com.rameshsoft.automation.businessscripts.AlertTest">
        <test-method status="PASS" signature="popup()[pri:0, instance:com.rameshsoft.automation.businessscripts.AlertTest@18be83e4]" name="popup" duration-ms="4124" started-at="2018-04-27T10:09:44Z" finished-at="2018-04-27T10:09:48Z">
          <reporter-output>
          </reporter-output>
        </test-method> <!-- popup -->
      </class> <!-- com.rameshsoft.automation.businessscripts.AlertTest -->
    </test> <!-- Default test -->
  </suite> <!-- Default suite -->
</testng-results>
